<?xml version="1.0" encoding="UTF-8"?>
<!-- Generated by org.testng.reporters.JUnitReportReporter -->
<testsuite skipped="0" hostname="许许许" name="edu.testcase.XuanxuanPageTest" tests="1" failures="0" timestamp="29 四月 2020 07:00:25 GMT" time="4.602" errors="0">
  <testcase name="testcreateManychat" time="4.602" classname="edu.testcase.XuanxuanPageTest"/>
</testsuite> <!-- edu.testcase.XuanxuanPageTest -->
