<?xml version="1.0" encoding="UTF-8"?>
<!-- Generated by org.testng.reporters.JUnitReportReporter -->
<testsuite skipped="0" hostname="DESKTOP-RJC4851" name="base.BaseTest" tests="1" failures="0" timestamp="26 三月 2020 02:23:29 GMT" time="19.353" errors="0">
  <testcase name="startUp" time="19.353" classname="base.BaseTest"/>
</testsuite> <!-- base.BaseTest -->
