<?xml version="1.0" encoding="UTF-8"?>
<!-- Generated by org.testng.reporters.JUnitReportReporter -->
<testsuite skipped="0" hostname="DESKTOP-RJC4851" name="appium0319demo.demo1" tests="1" failures="0" timestamp="25 三月 2020 04:55:10 GMT" time="21.348" errors="0">
  <testcase name="startUp" time="21.348" classname="appium0319demo.demo1"/>
</testsuite> <!-- appium0319demo.demo1 -->
